<?xml version="1.0" encoding="UTF-8"?>
<!-- Generated by org.testng.reporters.JUnitReportReporter -->
<testsuite hostname="LAPTOP-PDGPE6DE" failures="0" tests="1" name="testcases.TC_001_LoginTest" time="1.850" errors="0" timestamp="2023-07-04T21:06:49 IST" skipped="0">
  <testcase classname="testcases.TC_001_LoginTest" name="verifyLogin" time="1.850"/>
  <system-out/>
</testsuite> <!-- testcases.TC_001_LoginTest -->
