<?xml version="1.0" encoding="UTF-8"?>
<!-- Generated by org.testng.reporters.JUnitReportReporter -->
<testsuite hostname="LAPTOP-PDGPE6DE" failures="0" tests="1" name="testcases.TC_001_LoginTest" time="2.084" errors="0" timestamp="2023-07-05T23:25:31 IST" skipped="0">
  <testcase classname="testcases.TC_001_LoginTest" name="verifyLogin" time="2.084"/>
</testsuite> <!-- testcases.TC_001_LoginTest -->
