<?xml version="1.0" encoding="UTF-8"?>
<!-- Generated by org.testng.reporters.JUnitReportReporter -->
<testsuite hostname="LAPTOP-PDGPE6DE" failures="0" tests="1" name="testcases.TC_002_LogoutTest" time="1.975" errors="0" timestamp="2023-07-05T23:25:31 IST" skipped="0">
  <testcase classname="testcases.TC_002_LogoutTest" name="verifyLogout" time="1.975"/>
</testsuite> <!-- testcases.TC_002_LogoutTest -->
