<?xml version="1.0" encoding="UTF-8"?>
<!-- Generated by org.testng.reporters.JUnitReportReporter -->
<testsuite hostname="LAPTOP-PDGPE6DE" failures="0" tests="2" name="testcases.TC_003_NewCustomerTest" time="5.480" errors="0" timestamp="2023-07-04T21:16:40 IST" skipped="0">
  <testcase classname="testcases.TC_003_NewCustomerTest" name="navigateToNewCustomer" time="2.256"/>
  <testcase classname="testcases.TC_003_NewCustomerTest" name="verifyNewCustomerFields" time="3.224"/>
</testsuite> <!-- testcases.TC_003_NewCustomerTest -->
